<?xml version="1.0" encoding="UTF-8"?>
<robot generator="Robot 6.1.1 (Python 3.10.11 on win32)" generated="20240202 15:45:55.340" rpa="false" schemaversion="4">
<suite id="s1" name="Tasks" source="C:\Users\javie\Desktop\robot-projects-main\robot-projects\instaBot\tasks.robot">
<test id="s1-t1" name="Download and statuss" line="14">
<kw name="Run Keyword And Return Status" library="BuiltIn">
<var>${result_of_opening}</var>
<arg>Open_insta</arg>
<doc>Runs the given keyword with given arguments and returns the status as a Boolean value.</doc>
<kw name="Open_insta">
<kw name="Set Environment Variable" library="OperatingSystem">
<arg>webdriver.chrome.driver</arg>
<arg>${CHROME_DRIVER_PATH}</arg>
<doc>Sets an environment variable to a specified value.</doc>
<msg timestamp="20240202 15:45:55.887" level="INFO">Environment variable 'webdriver.chrome.driver' set to value 'C:/Users/javie/Desktop/robot-projects-main/robot-projects/chromedriver-win64/chromedriver.exe'.</msg>
<status status="PASS" starttime="20240202 15:45:55.886" endtime="20240202 15:45:55.887"/>
</kw>
<kw name="Evaluate" library="BuiltIn">
<var>${chrome_options}</var>
<arg>sys.modules['selenium.webdriver'].ChromeOptions()</arg>
<arg>sys, selenium.webdriver</arg>
<doc>Evaluates the given expression in Python and returns the result.</doc>
<msg timestamp="20240202 15:45:55.887" level="INFO">${chrome_options} = &lt;selenium.webdriver.chrome.options.Options object at 0x000000000885BB50&gt;</msg>
<status status="PASS" starttime="20240202 15:45:55.887" endtime="20240202 15:45:55.887"/>
</kw>
<kw name="Call Method" library="BuiltIn">
<arg>${chrome_options}</arg>
<arg>add_argument</arg>
<arg>--disable-gpu</arg>
<doc>Calls the named method of the given object with the provided arguments.</doc>
<status status="PASS" starttime="20240202 15:45:55.887" endtime="20240202 15:45:55.887"/>
</kw>
<kw name="Call Method" library="BuiltIn">
<arg>${chrome_options}</arg>
<arg>add_argument</arg>
<arg>--no-sandbox</arg>
<doc>Calls the named method of the given object with the provided arguments.</doc>
<status status="PASS" starttime="20240202 15:45:55.887" endtime="20240202 15:45:55.887"/>
</kw>
<kw name="Call Method" library="BuiltIn">
<arg>${chrome_options}</arg>
<arg>add_argument</arg>
<arg>--disable-dev-shm-usage</arg>
<doc>Calls the named method of the given object with the provided arguments.</doc>
<status status="PASS" starttime="20240202 15:45:55.887" endtime="20240202 15:45:55.887"/>
</kw>
<kw name="Create Webdriver" library="SeleniumLibrary">
<arg>Chrome</arg>
<arg>options=${chrome_options}</arg>
<doc>Creates an instance of Selenium WebDriver.</doc>
<msg timestamp="20240202 15:45:55.888" level="INFO">Creating an instance of the Chrome WebDriver.</msg>
<status status="PASS" starttime="20240202 15:45:55.887" endtime="20240202 15:45:57.134"/>
</kw>
<kw name="Sleep" library="BuiltIn">
<arg>1S</arg>
<doc>Pauses the test executed for the given time.</doc>
<msg timestamp="20240202 15:45:58.150" level="INFO">Slept 1 second</msg>
<status status="PASS" starttime="20240202 15:45:57.134" endtime="20240202 15:45:58.150"/>
</kw>
<kw name="Go To" library="SeleniumLibrary">
<arg>${URL}</arg>
<doc>Navigates the current browser window to the provided ``url``.</doc>
<msg timestamp="20240202 15:45:58.150" level="INFO">Opening url 'https://www.youtube.com'</msg>
<status status="PASS" starttime="20240202 15:45:58.150" endtime="20240202 15:46:01.999"/>
</kw>
<kw name="Sleep" library="BuiltIn">
<arg>10S</arg>
<doc>Pauses the test executed for the given time.</doc>
<status status="FAIL" starttime="20240202 15:46:02.000" endtime="20240202 15:46:10.921"/>
</kw>
<status status="FAIL" starttime="20240202 15:45:55.886" endtime="20240202 15:46:10.921"/>
</kw>
<status status="FAIL" starttime="20240202 15:45:55.886" endtime="20240202 15:46:10.922"/>
</kw>
<status status="FAIL" starttime="20240202 15:45:55.886" endtime="20240202 15:46:10.922">Execution terminated by signal</status>
</test>
<status status="FAIL" starttime="20240202 15:45:55.341" endtime="20240202 15:46:10.923"/>
</suite>
<statistics>
<total>
<stat pass="0" fail="1" skip="0">All Tests</stat>
</total>
<tag>
</tag>
<suite>
<stat pass="0" fail="1" skip="0" id="s1" name="Tasks">Tasks</stat>
</suite>
</statistics>
<errors>
<msg timestamp="20240202 15:45:55.880" level="WARN">C:\Users\javie\AppData\Local\Packages\PythonSoftwareFoundation.Python.3.10_qbz5n2kfra8p0\LocalCache\local-packages\Python310\site-packages\RPA\Desktop\Windows.py:216: FutureWarning: `RPA.Desktop.Windows` got deprecated and will be no longer maintained, please use `RPA.Windows` instead (https://robocorp.com/docs/libraries/rpa-framework/rpa-windows)
  deprecation(
</msg>
</errors>
</robot>
